<?xml version="1.0" encoding="UTF-8"?>
<!-- Generated by org.testng.reporters.JUnitReportReporter -->
<testsuite hostname="Parsa-PC-12-16" failures="0" tests="2" name="demo.TestNGIgnoreDemo" time="0.010" errors="0" timestamp="2020-05-03T17:12:54 PDT" skipped="1">
  <testcase classname="demo.TestNGIgnoreDemo" name="test2" time="0.010"/>
  <system-out/>
  <testcase classname="demo.TestNGIgnoreDemo" name="test1">
    <skipped/>
  </testcase> <!-- test1 -->
  <system-out/>
</testsuite> <!-- demo.TestNGIgnoreDemo -->
