<?xml version="1.0" encoding="UTF-8"?>
<!-- Generated by org.testng.reporters.JUnitReportReporter -->
<testsuite hostname="Parsa-PC-12-16" failures="0" tests="3" name="demo.TestNGPriorityDemo" time="0.019" errors="0" timestamp="2020-05-01T14:57:58 PDT" skipped="0">
  <testcase classname="demo.TestNGPriorityDemo" name="test2" time="0.015"/>
  <system-out/>
  <testcase classname="demo.TestNGPriorityDemo" name="test3" time="0.002"/>
  <system-out/>
  <testcase classname="demo.TestNGPriorityDemo" name="test1" time="0.002"/>
  <system-out/>
</testsuite> <!-- demo.TestNGPriorityDemo -->
