<?xml version="1.0" encoding="UTF-8"?>
<!-- Generated by org.testng.reporters.JUnitReportReporter -->
<testsuite hostname="Parsa-PC-12-16" failures="0" tests="1" name="demo.TestNGMultiBrowserDemo" time="8.270" errors="0" timestamp="2020-05-01T16:43:23 PDT" skipped="0">
  <testcase classname="demo.TestNGMultiBrowserDemo" name="test1" time="8.270"/>
  <system-out/>
</testsuite> <!-- demo.TestNGMultiBrowserDemo -->
