<?xml version="1.0" encoding="UTF-8"?>
<!-- Generated by org.testng.reporters.JUnitReportReporter -->
<testsuite hostname="Parsa-PC-12-16" failures="0" tests="1" name="test.TestNG_Demo2" time="6.712" errors="0" timestamp="2020-04-28T13:07:30 PDT" skipped="0">
  <testcase classname="test.TestNG_Demo2" name="googleSearch3" time="6.712"/>
  <system-out/>
</testsuite> <!-- test.TestNG_Demo2 -->
