<?xml version="1.0" encoding="UTF-8"?>
<!-- Generated by org.testng.reporters.JUnitReportReporter -->
<testsuite hostname="Parsa-PC-12-16" failures="0" tests="2" name="demo.TestNGDependencyDemo" time="0.012" errors="0" timestamp="2020-05-02T17:41:29 PDT" skipped="0">
  <testcase classname="demo.TestNGDependencyDemo" name="test2" time="0.009"/>
  <system-out/>
  <testcase classname="demo.TestNGDependencyDemo" name="test1" time="0.003"/>
  <system-out/>
</testsuite> <!-- demo.TestNGDependencyDemo -->
