<?xml version="1.0" encoding="UTF-8"?>
<!-- Generated by org.testng.reporters.JUnitReportReporter -->
<testsuite hostname="Parsa-PC-12-16" failures="0" tests="3" name="utils.ExcelDataProvider" time="12.735" errors="0" timestamp="2020-05-01T11:31:12 PDT" skipped="0">
  <testcase classname="utils.ExcelDataProvider" name="test1" time="5.157"/>
  <system-out/>
  <testcase classname="utils.ExcelDataProvider" name="test1" time="3.670"/>
  <system-out/>
  <testcase classname="utils.ExcelDataProvider" name="test1" time="3.908"/>
  <system-out/>
</testsuite> <!-- utils.ExcelDataProvider -->
