<?xml version="1.0" encoding="UTF-8"?>
<!-- Generated by org.testng.reporters.JUnitReportReporter -->
<testsuite hostname="Parsa-PC-12-16" failures="0" tests="1" name="demo.TestNGParametersDemo" time="0.011" errors="0" timestamp="2020-05-06T22:36:10 PDT" skipped="0">
  <testcase classname="demo.TestNGParametersDemo" name="test" time="0.011"/>
  <system-out/>
</testsuite> <!-- demo.TestNGParametersDemo -->
