<?xml version="1.0" encoding="UTF-8"?>
<!-- Generated by org.testng.reporters.JUnitReportReporter -->
<testsuite hostname="Parsa-PC-12-16" failures="0" tests="4" name="demo.TestNGGroupsDemo" time="0.013" errors="0" timestamp="2020-05-02T16:51:21 PDT" skipped="0">
  <testcase classname="demo.TestNGGroupsDemo" name="test4" time="0.001"/>
  <system-out/>
  <testcase classname="demo.TestNGGroupsDemo" name="test1" time="0.009"/>
  <system-out/>
  <testcase classname="demo.TestNGGroupsDemo" name="test2" time="0.002"/>
  <system-out/>
  <testcase classname="demo.TestNGGroupsDemo" name="test3" time="0.001"/>
  <system-out/>
</testsuite> <!-- demo.TestNGGroupsDemo -->
