<?xml version="1.0" encoding="UTF-8"?>
<!-- Generated by org.testng.reporters.JUnitReportReporter -->
<testsuite hostname="Parsa-PC-12-16" failures="0" tests="1" name="test.TestNG_Demo" time="4.209" errors="0" timestamp="2020-05-06T22:29:38 PDT" skipped="0">
  <testcase classname="test.TestNG_Demo" name="googleSearch" time="4.209"/>
  <system-out/>
</testsuite> <!-- test.TestNG_Demo -->
