<?xml version="1.0" encoding="UTF-8"?>
<!-- Generated by org.testng.reporters.JUnitReportReporter -->
<testsuite hostname="Parsa-PC-12-16" failures="0" tests="1" name="demo.Test1" time="10.065" errors="0" timestamp="2020-05-03T22:41:19 PDT" skipped="0">
  <testcase classname="demo.Test1" name="test1" time="10.065"/>
  <system-out/>
</testsuite> <!-- demo.Test1 -->
