<?xml version="1.0" encoding="UTF-8"?>
<!-- Generated by org.testng.reporters.JUnitReportReporter -->
<testsuite hostname="Parsa-PC-12-16" failures="0" tests="2" name="test.ExtentReportDemoWithTestNG" time="1.021" errors="0" timestamp="2020-04-27T23:31:45 PDT" skipped="0">
  <testcase classname="test.ExtentReportDemoWithTestNG" name="test1" time="1.015"/>
  <system-out/>
  <testcase classname="test.ExtentReportDemoWithTestNG" name="test2" time="0.006"/>
  <system-out/>
</testsuite> <!-- test.ExtentReportDemoWithTestNG -->
